<?xml version='1.0'?>
<ns2:test-suite xmlns:ns2='urn:model.allure.qatools.yandex.ru' start='1675769900032' stop='1675769900487'>
    <name>Api Test</name>
    <title>Api Test</title>
    <test-cases>
        <test-case start='1675769900033' status='failed' stop='1675769900486'>
            <name>returns the correct response</name>
            <title>returns the correct response</title>
            <labels>
                <label name='language' value='javascript'/>
                <label name='framework' value='wdio'/>
                <label name='thread' value='0-0'/>
            </labels>
            <parameters>
                <parameter kind='argument' name='browser' value='chrome-109.0.5414.120'/>
            </parameters>
            <steps>
                <step start='1675769900416' status='passed' stop='1675769900482'>
                    <name>GET /session/:sessionId/screenshot</name>
                    <title>GET /session/:sessionId/screenshot</title>
                    <attachments>
                        <attachment title='Screenshot' source='032ca206-58ee-40b6-b742-7b4d0d44f61b-attachment.png' type='image/png' size='5153'/>
                    </attachments>
                    <steps/>
                </step>
            </steps>
            <attachments/>
            <failure>
                <message>response status does not equal 200: expected 404 to equal 200      
                      actual expected
                      
                      404200
                      </message>
                <stack-trace>AssertionError: response status does not equal 200: expected 404 to equal 200
                    at Context.&lt;anonymous> (file:///C:/Users/Magda/qa_l2/m.latka/test/specs/test.spec.js:10:16)
                    at process.processTicksAndRejections (node:internal/process/task_queues:95:5)</stack-trace>
            </failure>
        </test-case>
    </test-cases>
</ns2:test-suite>