<?xml version='1.0'?>
<ns2:test-suite xmlns:ns2='urn:model.allure.qatools.yandex.ru' start='1675771124221' stop='1675771124540'>
    <name>Api Test</name>
    <title>Api Test</title>
    <test-cases>
        <test-case start='1675771124221' status='failed' stop='1675771124538'>
            <name>returns the correct response</name>
            <title>returns the correct response</title>
            <labels>
                <label name='language' value='javascript'/>
                <label name='framework' value='wdio'/>
                <label name='thread' value='0-0'/>
            </labels>
            <parameters>
                <parameter kind='argument' name='browser' value='chrome-109.0.0.0'/>
            </parameters>
            <steps>
                <step start='1675771124423' status='passed' stop='1675771124532'>
                    <name>takeScreenshot</name>
                    <title>takeScreenshot</title>
                    <attachments>
                        <attachment title='Screenshot' source='119c7699-ef72-4210-b2bc-e7a5f34695ce-attachment.png' type='image/png' size='5373'/>
                    </attachments>
                    <steps/>
                </step>
            </steps>
            <attachments/>
            <failure>
                <message>response status does not equal 200: expected undefined to equal 200      
                      actual expected
                      
                      undefined200
                      </message>
                <stack-trace>AssertionError: response status does not equal 200: expected undefined to equal 200
                    at Context.&lt;anonymous> (file:///C:/Users/Magda/qa_l2/m.latka/test/specs/test.spec.js:14:16)
                    at process.processTicksAndRejections (node:internal/process/task_queues:95:5)</stack-trace>
            </failure>
        </test-case>
    </test-cases>
</ns2:test-suite>