<?xml version='1.0'?>
<ns2:test-suite xmlns:ns2='urn:model.allure.qatools.yandex.ru' start='1675850079862' stop='1675850080524'>
    <name>Api Test</name>
    <title>Api Test</title>
    <test-cases>
        <test-case start='1675850079863' status='failed' stop='1675850080524'>
            <name>returns the correct response</name>
            <title>returns the correct response</title>
            <labels>
                <label name='language' value='javascript'/>
                <label name='framework' value='wdio'/>
                <label name='thread' value='0-0'/>
            </labels>
            <parameters>
                <parameter kind='argument' name='browser' value='chrome-109.0.0.0'/>
            </parameters>
            <steps>
                <step start='1675850080457' status='passed' stop='1675850080519'>
                    <name>takeScreenshot</name>
                    <title>takeScreenshot</title>
                    <attachments>
                        <attachment title='Screenshot' source='90cd038f-461d-44a5-90f4-6ede53421f6e-attachment.png' type='image/png' size='5373'/>
                    </attachments>
                    <steps/>
                </step>
            </steps>
            <attachments/>
            <failure>
                <message>the values do not match: expected { id: 5, …(7) } to equal { id: '5', …(7) }      
                      actual expected
                      
                      { id: '5', name: 'Chelsey Dietrich', username: 'Kamren', email: 'Lucio_Hettinger@annie.ca', address: { street: 'Skiles Walks', suite: 'Suite 351', city: 'Roscoeview', zipcode: '33263', geo: { lat: '-31.8129', lng: '62.5342' } }, phone: '(254)954-1289', website: 'demarco.info', company: { name: 'Keebler LLC', catchPhrase: 'User-centric fault-tolerant solution', bs: 'revolutionize end-to-end systems' } }
                      </message>
                <stack-trace>AssertionError: the values do not match: expected { id: 5, …(7) } to equal { id: '5', …(7) }
                    at Context.&lt;anonymous> (file:///C:/Users/Magda/qa_l2/m.latka/test/specs/test.spec.js:60:16)
                    at process.processTicksAndRejections (node:internal/process/task_queues:95:5)</stack-trace>
            </failure>
        </test-case>
    </test-cases>
</ns2:test-suite>