<?xml version='1.0'?>
<ns2:test-suite xmlns:ns2='urn:model.allure.qatools.yandex.ru' start='1675775579020' stop='1675775579304'>
    <name>Api Test</name>
    <title>Api Test</title>
    <test-cases>
        <test-case start='1675775579020' status='failed' stop='1675775579304'>
            <name>returns the correct response</name>
            <title>returns the correct response</title>
            <labels>
                <label name='language' value='javascript'/>
                <label name='framework' value='wdio'/>
                <label name='thread' value='0-0'/>
            </labels>
            <parameters>
                <parameter kind='argument' name='browser' value='chrome-109.0.0.0'/>
            </parameters>
            <steps>
                <step start='1675775579236' status='passed' stop='1675775579301'>
                    <name>takeScreenshot</name>
                    <title>takeScreenshot</title>
                    <attachments>
                        <attachment title='Screenshot' source='b1861c7a-7639-4ffb-ba98-1ebe6054639b-attachment.png' type='image/png' size='5373'/>
                    </attachments>
                    <steps/>
                </step>
            </steps>
            <attachments/>
            <failure>
                <message>the response is not of JSON format: expected false to be true      
                      actual expected
                      
                      falsetrue
                      </message>
                <stack-trace>AssertionError: the response is not of JSON format: expected false to be true
                    at Context.&lt;anonymous> (file:///C:/Users/Magda/qa_l2/m.latka/test/specs/test.spec.js:19:16)
                    at process.processTicksAndRejections (node:internal/process/task_queues:95:5)</stack-trace>
            </failure>
        </test-case>
    </test-cases>
</ns2:test-suite>