<?xml version='1.0'?>
<ns2:test-suite xmlns:ns2='urn:model.allure.qatools.yandex.ru' start='1675770754725' stop='1675770754835'>
    <name>Api Test</name>
    <title>Api Test</title>
    <test-cases>
        <test-case start='1675770754725' status='failed' stop='1675770754835'>
            <name>returns the correct response</name>
            <title>returns the correct response</title>
            <labels>
                <label name='language' value='javascript'/>
                <label name='framework' value='wdio'/>
                <label name='thread' value='0-0'/>
            </labels>
            <parameters>
                <parameter kind='argument' name='browser' value='chrome-109.0.0.0'/>
            </parameters>
            <steps>
                <step start='1675770754776' status='passed' stop='1675770754832'>
                    <name>takeScreenshot</name>
                    <title>takeScreenshot</title>
                    <attachments>
                        <attachment title='Screenshot' source='8f487da9-f612-4c47-a238-11bfe2e44f27-attachment.png' type='image/png' size='5373'/>
                    </attachments>
                    <steps/>
                </step>
            </steps>
            <attachments/>
            <failure>
                <message>response status does not equal 200: expected undefined to equal 200      
                      actual expected
                      
                      undefined200
                      </message>
                <stack-trace>AssertionError: response status does not equal 200: expected undefined to equal 200
                    at Context.&lt;anonymous> (file:///C:/Users/Magda/qa_l2/m.latka/test/specs/test.spec.js:12:16)</stack-trace>
            </failure>
        </test-case>
    </test-cases>
</ns2:test-suite>